Using pre-set license
Built from '2022.3/staging' branch; Version is '2022.3.4f1 (35713cd46cd7) revision 3502396'; Using compiler version '192829333'; Build Type 'Release'
OS: 'Windows 11  (10.0.22621) 64bit Core' Language: 'ko' Physical Memory: 7865 MB
BatchMode: 1, IsHumanControllingUs: 0, StartBugReporterOnCrash: 0, Is64bit: 1, IsPro: 1

COMMAND LINE ARGUMENTS:
C:\Users\pc\OneDrive\유니티\2022.3.4f1\Editor\Unity.exe
-adb2
-batchMode
-noUpm
-name
AssetImportWorker1
-projectPath
C:/Users/pc/Desktop/Photon-Network/Photon Server Game
-logFile
Logs/AssetImportWorker1.log
-srvPort
55853
Successfully changed project path to: C:/Users/pc/Desktop/Photon-Network/Photon Server Game
C:/Users/pc/Desktop/Photon-Network/Photon Server Game
[UnityMemory] Configuration Parameters - Can be set up in boot.config
    "memorysetup-bucket-allocator-granularity=16"
    "memorysetup-bucket-allocator-bucket-count=8"
    "memorysetup-bucket-allocator-block-size=33554432"
    "memorysetup-bucket-allocator-block-count=8"
    "memorysetup-main-allocator-block-size=16777216"
    "memorysetup-thread-allocator-block-size=16777216"
    "memorysetup-gfx-main-allocator-block-size=16777216"
    "memorysetup-gfx-thread-allocator-block-size=16777216"
    "memorysetup-cache-allocator-block-size=4194304"
    "memorysetup-typetree-allocator-block-size=2097152"
    "memorysetup-profiler-bucket-allocator-granularity=16"
    "memorysetup-profiler-bucket-allocator-bucket-count=8"
    "memorysetup-profiler-bucket-allocator-block-size=33554432"
    "memorysetup-profiler-bucket-allocator-block-count=8"
    "memorysetup-profiler-allocator-block-size=16777216"
    "memorysetup-profiler-editor-allocator-block-size=1048576"
    "memorysetup-temp-allocator-size-main=16777216"
    "memorysetup-job-temp-allocator-block-size=2097152"
    "memorysetup-job-temp-allocator-block-size-background=1048576"
    "memorysetup-job-temp-allocator-reduction-small-platforms=262144"
    "memorysetup-allocator-temp-initial-block-size-main=262144"
    "memorysetup-allocator-temp-initial-block-size-worker=262144"
    "memorysetup-temp-allocator-size-background-worker=32768"
    "memorysetup-temp-allocator-size-job-worker=262144"
    "memorysetup-temp-allocator-size-preload-manager=33554432"
    "memorysetup-temp-allocator-size-nav-mesh-worker=65536"
    "memorysetup-temp-allocator-size-audio-worker=65536"
    "memorysetup-temp-allocator-size-cloud-worker=32768"
    "memorysetup-temp-allocator-size-gi-baking-worker=262144"
    "memorysetup-temp-allocator-size-gfx=262144"
Player connection [33528] Host "[IP] 172.30.1.69 [Port] 0 [Flags] 2 [Guid] 3178261800 [EditorId] 3178261800 [Version] 1048832 [Id] WindowsEditor(7,LAPTOP-P8B5O89S) [Debug] 1 [PackageName] WindowsEditor [ProjectName] Editor" joined multi-casting on [225.0.0.222:54997]...

Player connection [33528] Host "[IP] 172.30.1.69 [Port] 0 [Flags] 2 [Guid] 3178261800 [EditorId] 3178261800 [Version] 1048832 [Id] WindowsEditor(7,LAPTOP-P8B5O89S) [Debug] 1 [PackageName] WindowsEditor [ProjectName] Editor" joined alternative multi-casting on [225.0.0.222:34997]...

Refreshing native plugins compatible for Editor in 37.94 ms, found 3 plugins.
Preloading 0 native plugins for Editor in 0.00 ms.
Initialize engine version: 2022.3.4f1 (35713cd46cd7)
[Subsystems] Discovering subsystems at path C:/Users/pc/OneDrive/유니티/2022.3.4f1/Editor/Data/Resources/UnitySubsystems
[Subsystems] Discovering subsystems at path C:/Users/pc/Desktop/Photon-Network/Photon Server Game/Assets
GfxDevice: creating device client; threaded=0; jobified=0
Direct3D:
    Version:  Direct3D 11.0 [level 11.1]
    Renderer: NVIDIA GeForce MX450 (ID=0x1f97)
    Vendor:   NVIDIA
    VRAM:     1928 MB
    Driver:   27.21.14.5256
Initialize mono
Mono path[0] = 'C:/Users/pc/OneDrive/유니티/2022.3.4f1/Editor/Data/Managed'
Mono path[1] = 'C:/Users/pc/OneDrive/유니티/2022.3.4f1/Editor/Data/MonoBleedingEdge/lib/mono/unityjit-win32'
Mono config path = 'C:/Users/pc/OneDrive/유니티/2022.3.4f1/Editor/Data/MonoBleedingEdge/etc'
Using monoOptions --debugger-agent=transport=dt_socket,embedding=1,server=y,suspend=n,address=127.0.0.1:56776
Begin MonoManager ReloadAssembly
Registering precompiled unity dll's ...
Register platform support module: C:/Users/pc/OneDrive/유니티/2022.3.4f1/Editor/Data/PlaybackEngines/WebGLSupport/UnityEditor.WebGL.Extensions.dll
Register platform support module: C:/Users/pc/OneDrive/유니티/2022.3.4f1/Editor/Data/PlaybackEngines/WindowsStandaloneSupport/UnityEditor.WindowsStandalone.Extensions.dll
Registered in 0.015292 seconds.
- Loaded All Assemblies, in  0.542 seconds
Native extension for WindowsStandalone target not found
Native extension for WebGL target not found
Mono: successfully reloaded assembly
- Finished resetting the current domain, in  0.448 seconds
Domain Reload Profiling: 989ms
	BeginReloadAssembly (145ms)
		ExecutionOrderSort (0ms)
		DisableScriptedObjects (0ms)
		BackupInstance (0ms)
		ReleaseScriptingObjects (0ms)
		CreateAndSetChildDomain (2ms)
	RebuildCommonClasses (70ms)
	RebuildNativeTypeToScriptingClass (18ms)
	initialDomainReloadingComplete (111ms)
	LoadAllAssembliesAndSetupDomain (195ms)
		LoadAssemblies (139ms)
		RebuildTransferFunctionScriptingTraits (0ms)
		AnalyzeDomain (185ms)
			TypeCache.Refresh (184ms)
				TypeCache.ScanAssembly (168ms)
			ScanForSourceGeneratedMonoScriptInfo (1ms)
			ResolveRequiredComponents (1ms)
	FinalizeReload (449ms)
		ReleaseScriptCaches (0ms)
		RebuildScriptCaches (0ms)
		SetupLoadedEditorAssemblies (367ms)
			LogAssemblyErrors (0ms)
			InitializePlatformSupportModulesInManaged (18ms)
			SetLoadedEditorAssemblies (9ms)
			RefreshPlugins (0ms)
			BeforeProcessingInitializeOnLoad (4ms)
			ProcessInitializeOnLoadAttributes (254ms)
			ProcessInitializeOnLoadMethodAttributes (82ms)
			AfterProcessingInitializeOnLoad (0ms)
			EditorAssembliesLoaded (0ms)
		ExecutionOrderSort2 (0ms)
		AwakeInstancesAfterBackupRestoration (0ms)
========================================================================
Worker process is ready to serve import requests
Begin MonoManager ReloadAssembly
Symbol file LoadedFromMemory doesn't match image C:\Users\pc\Desktop\Photon-Network\Photon Server Game\Library\PackageCache\com.unity.visualscripting@1.8.0\Editor\VisualScripting.Core\Dependencies\YamlDotNet\Unity.VisualScripting.YamlDotNet.dll
Symbol file LoadedFromMemory doesn't match image C:\Users\pc\Desktop\Photon-Network\Photon Server Game\Library\PackageCache\com.unity.visualscripting@1.8.0\Editor\VisualScripting.Core\Dependencies\DotNetZip\Unity.VisualScripting.IonicZip.dll
- Loaded All Assemblies, in  1.956 seconds
Refreshing native plugins compatible for Editor in 13.48 ms, found 3 plugins.
Native extension for WindowsStandalone target not found
Native extension for WebGL target not found
Package Manager log level set to [2]
[Package Manager] Server::EnsureServerProcessIsRunning -- launch failed, reason: Unity was launched with the -noUpm command-line argument
[Package Manager] UpmClient::Send -- Unable to send message (not connected to UPM process).
[Package Manager] Cannot connect to Unity Package Manager local server
Mono: successfully reloaded assembly
- Finished resetting the current domain, in  1.221 seconds
Domain Reload Profiling: 3171ms
	BeginReloadAssembly (199ms)
		ExecutionOrderSort (0ms)
		DisableScriptedObjects (7ms)
		BackupInstance (0ms)
		ReleaseScriptingObjects (0ms)
		CreateAndSetChildDomain (33ms)
	RebuildCommonClasses (51ms)
	RebuildNativeTypeToScriptingClass (16ms)
	initialDomainReloadingComplete (67ms)
	LoadAllAssembliesAndSetupDomain (1617ms)
		LoadAssemblies (941ms)
		RebuildTransferFunctionScriptingTraits (0ms)
		AnalyzeDomain (776ms)
			TypeCache.Refresh (730ms)
				TypeCache.ScanAssembly (692ms)
			ScanForSourceGeneratedMonoScriptInfo (34ms)
			ResolveRequiredComponents (11ms)
	FinalizeReload (1221ms)
		ReleaseScriptCaches (0ms)
		RebuildScriptCaches (0ms)
		SetupLoadedEditorAssemblies (962ms)
			LogAssemblyErrors (0ms)
			InitializePlatformSupportModulesInManaged (14ms)
			SetLoadedEditorAssemblies (7ms)
			RefreshPlugins (0ms)
			BeforeProcessingInitializeOnLoad (100ms)
			ProcessInitializeOnLoadAttributes (808ms)
			ProcessInitializeOnLoadMethodAttributes (23ms)
			AfterProcessingInitializeOnLoad (10ms)
			EditorAssembliesLoaded (0ms)
		ExecutionOrderSort2 (0ms)
		AwakeInstancesAfterBackupRestoration (15ms)
Launched and connected shader compiler UnityShaderCompiler.exe after 0.10 seconds
Refreshing native plugins compatible for Editor in 13.94 ms, found 3 plugins.
Preloading 0 native plugins for Editor in 0.00 ms.
Unloading 3451 Unused Serialized files (Serialized files now loaded: 0)
Unloading 47 unused Assets / (61.9 KB). Loaded Objects now: 3908.
Memory consumption went from 129.2 MB to 129.1 MB.
Total: 8.207100 ms (FindLiveObjects: 0.463400 ms CreateObjectMapping: 0.448600 ms MarkObjects: 6.946300 ms  DeleteObjects: 0.347400 ms)

AssetImportParameters requested are different than current active one (requested -> active):
  custom:container-demuxer-ogg: 62fdf1f143b41e24485cea50d1cbac27 -> 
  custom:video-codec-MediaFoundation-h265: 746d11721c4dcdbdad8f713fa42b33f4 -> 
  custom:video-decoder-ogg-theora: a1e56fd34408186e4bbccfd4996cb3dc -> 
  custom:framework-win-MediaFoundation: 216162199b28c13a410421893ffa2e32 -> 
  custom:CustomObjectIndexerAttribute: 756ad292c208cfabdd7b50bc23989ffe -> 
  custom:container-demuxer-webm: 4f35f7cbe854078d1ac9338744f61a02 -> 
  custom:container-muxer-webm: aa71ff27fc2769a1b78a27578f13a17b -> 
  custom:video-decoder-webm-vp8: 9c59270c3fd7afecdb556c50c9e8de78 -> 
  custom:AudioImporter_EditorPlatform: d09bf68614088b80899f8185d706f6e7 -> 
  custom:video-encoder-webm-vp8: eb34c28f22e8b96e1ab97ce403110664 -> 
  custom:audio-decoder-ogg-vorbis: bf7c407c2cedff20999df2af8eb42d56 -> 
  custom:audio-encoder-webm-vorbis: bf7c407c2cedff20999df2af8eb42d56 -> 
========================================================================
Received Prepare
Begin MonoManager ReloadAssembly
Symbol file LoadedFromMemory doesn't match image C:\Users\pc\Desktop\Photon-Network\Photon Server Game\Library\PackageCache\com.unity.visualscripting@1.8.0\Editor\VisualScripting.Core\Dependencies\YamlDotNet\Unity.VisualScripting.YamlDotNet.dll
Symbol file LoadedFromMemory doesn't match image C:\Users\pc\Desktop\Photon-Network\Photon Server Game\Library\PackageCache\com.unity.visualscripting@1.8.0\Editor\VisualScripting.Core\Dependencies\DotNetZip\Unity.VisualScripting.IonicZip.dll
- Loaded All Assemblies, in  1.249 seconds
Refreshing native plugins compatible for Editor in 19.35 ms, found 3 plugins.
Native extension for WindowsStandalone target not found
Native extension for WebGL target not found
[Package Manager] Server::EnsureServerProcessIsRunning -- launch failed, reason: Unity was launched with the -noUpm command-line argument
[Package Manager] UpmClient::Send -- Unable to send message (not connected to UPM process).
[Package Manager] Cannot connect to Unity Package Manager local server
Mono: successfully reloaded assembly
- Finished resetting the current domain, in  2.333 seconds
Domain Reload Profiling: 3577ms
	BeginReloadAssembly (227ms)
		ExecutionOrderSort (0ms)
		DisableScriptedObjects (6ms)
		BackupInstance (0ms)
		ReleaseScriptingObjects (0ms)
		CreateAndSetChildDomain (59ms)
	RebuildCommonClasses (70ms)
	RebuildNativeTypeToScriptingClass (18ms)
	initialDomainReloadingComplete (59ms)
	LoadAllAssembliesAndSetupDomain (869ms)
		LoadAssemblies (413ms)
		RebuildTransferFunctionScriptingTraits (0ms)
		AnalyzeDomain (562ms)
			TypeCache.Refresh (542ms)
				TypeCache.ScanAssembly (496ms)
			ScanForSourceGeneratedMonoScriptInfo (6ms)
			ResolveRequiredComponents (14ms)
	FinalizeReload (2333ms)
		ReleaseScriptCaches (0ms)
		RebuildScriptCaches (0ms)
		SetupLoadedEditorAssemblies (753ms)
			LogAssemblyErrors (0ms)
			InitializePlatformSupportModulesInManaged (11ms)
			SetLoadedEditorAssemblies (7ms)
			RefreshPlugins (0ms)
			BeforeProcessingInitializeOnLoad (89ms)
			ProcessInitializeOnLoadAttributes (610ms)
			ProcessInitializeOnLoadMethodAttributes (24ms)
			AfterProcessingInitializeOnLoad (12ms)
			EditorAssembliesLoaded (0ms)
		ExecutionOrderSort2 (0ms)
		AwakeInstancesAfterBackupRestoration (20ms)
Refreshing native plugins compatible for Editor in 12.82 ms, found 3 plugins.
Preloading 0 native plugins for Editor in 0.00 ms.
Unloading 3428 Unused Serialized files (Serialized files now loaded: 0)
Unloading 35 unused Assets / (36.3 KB). Loaded Objects now: 3913.
Memory consumption went from 124.8 MB to 124.8 MB.
Total: 3.105800 ms (FindLiveObjects: 0.295600 ms CreateObjectMapping: 0.125100 ms MarkObjects: 2.619500 ms  DeleteObjects: 0.063900 ms)

Prepare: number of updated asset objects reloaded= 0
AssetImportParameters requested are different than current active one (requested -> active):
  custom:container-demuxer-ogg: 62fdf1f143b41e24485cea50d1cbac27 -> 
  custom:video-codec-MediaFoundation-h265: 746d11721c4dcdbdad8f713fa42b33f4 -> 
  custom:video-decoder-ogg-theora: a1e56fd34408186e4bbccfd4996cb3dc -> 
  custom:framework-win-MediaFoundation: 216162199b28c13a410421893ffa2e32 -> 
  custom:CustomObjectIndexerAttribute: 756ad292c208cfabdd7b50bc23989ffe -> 
  custom:container-demuxer-webm: 4f35f7cbe854078d1ac9338744f61a02 -> 
  custom:container-muxer-webm: aa71ff27fc2769a1b78a27578f13a17b -> 
  custom:video-decoder-webm-vp8: 9c59270c3fd7afecdb556c50c9e8de78 -> 
  custom:AudioImporter_EditorPlatform: d09bf68614088b80899f8185d706f6e7 -> 
  custom:video-encoder-webm-vp8: eb34c28f22e8b96e1ab97ce403110664 -> 
  custom:audio-decoder-ogg-vorbis: bf7c407c2cedff20999df2af8eb42d56 -> 
  custom:audio-encoder-webm-vorbis: bf7c407c2cedff20999df2af8eb42d56 -> 
========================================================================
Received Import Request.
  Time since last request: 1092356.214506 seconds.
  path: Assets/Scripts/GameManager.cs
  artifactKey: Guid(d77d8dcea07e8b54e80f058c71e79565) Importer(815301076,1909f56bfc062723c751e8b465ee728b)
Start importing Assets/Scripts/GameManager.cs using Guid(d77d8dcea07e8b54e80f058c71e79565) Importer(815301076,1909f56bfc062723c751e8b465ee728b)  -> (artifact id: '303b201d3131350f1867d3683fbbd0bd') in 0.005091 seconds
Number of updated asset objects reloaded before import = 0
Number of asset objects unloaded after import = 0
========================================================================
Received Import Request.
  Time since last request: 262.749072 seconds.
  path: Assets/PlayFabEditorExtensions/Editor/PlayFabEditorExtensions.asmdef
  artifactKey: Guid(8f342294dfb958a4694b67859092b749) Importer(815301076,1909f56bfc062723c751e8b465ee728b)
Start importing Assets/PlayFabEditorExtensions/Editor/PlayFabEditorExtensions.asmdef using Guid(8f342294dfb958a4694b67859092b749) Importer(815301076,1909f56bfc062723c751e8b465ee728b)  -> (artifact id: '4cdd70cdecfa05b30f5d5f9f2754cd71') in 0.017892 seconds
Number of updated asset objects reloaded before import = 0
Number of asset objects unloaded after import = 0
========================================================================
Received Import Request.
  Time since last request: 241.553760 seconds.
  path: Assets/External Assets/Terrain/FlatPoly Floating Islands/Prefabs/Environment/island_A_02.prefab
  artifactKey: Guid(38f73a770c57e2543a97af44a00b1d4d) Importer(815301076,1909f56bfc062723c751e8b465ee728b)
Start importing Assets/External Assets/Terrain/FlatPoly Floating Islands/Prefabs/Environment/island_A_02.prefab using Guid(38f73a770c57e2543a97af44a00b1d4d) Importer(815301076,1909f56bfc062723c751e8b465ee728b)  -> (artifact id: 'f565add94f4b01f9cfa8759b0719cefa') in 0.830041 seconds
Number of updated asset objects reloaded before import = 0
Number of asset objects unloaded after import = 9
========================================================================
Received Import Request.
  Time since last request: 0.000026 seconds.
  path: Assets/External Assets/Terrain/FlatPoly Floating Islands/Prefabs/Environment/island_D_02.prefab
  artifactKey: Guid(46e0032fdef51c14ca01e02a0c5c51a3) Importer(815301076,1909f56bfc062723c751e8b465ee728b)
Start importing Assets/External Assets/Terrain/FlatPoly Floating Islands/Prefabs/Environment/island_D_02.prefab using Guid(46e0032fdef51c14ca01e02a0c5c51a3) Importer(815301076,1909f56bfc062723c751e8b465ee728b)  -> (artifact id: '1b472cdd55a59e7eb1e79eb1d0e770f3') in 0.024155 seconds
Number of updated asset objects reloaded before import = 0
Number of asset objects unloaded after import = 9
========================================================================
Received Import Request.
  Time since last request: 0.000040 seconds.
  path: Assets/External Assets/Terrain/FlatPoly Floating Islands/Prefabs/Environment/island_B_03.prefab
  artifactKey: Guid(7c24dd9faf5375b45a48fc2ec5611bb5) Importer(815301076,1909f56bfc062723c751e8b465ee728b)
Start importing Assets/External Assets/Terrain/FlatPoly Floating Islands/Prefabs/Environment/island_B_03.prefab using Guid(7c24dd9faf5375b45a48fc2ec5611bb5) Importer(815301076,1909f56bfc062723c751e8b465ee728b)  -> (artifact id: '1f2c60cb876d45d07025cd2c8e4fce4e') in 0.030895 seconds
Number of updated asset objects reloaded before import = 0
Number of asset objects unloaded after import = 9
========================================================================
Received Import Request.
  Time since last request: 0.000023 seconds.
  path: Assets/External Assets/Terrain/FlatPoly Floating Islands/Prefabs/Environment/island_C_02.prefab
  artifactKey: Guid(e8af5c3fb2315a346a436c1c610678bb) Importer(815301076,1909f56bfc062723c751e8b465ee728b)
Start importing Assets/External Assets/Terrain/FlatPoly Floating Islands/Prefabs/Environment/island_C_02.prefab using Guid(e8af5c3fb2315a346a436c1c610678bb) Importer(815301076,1909f56bfc062723c751e8b465ee728b)  -> (artifact id: '85d8fcb5c0a9c8c7ed3706d97d74430a') in 0.025705 seconds
Number of updated asset objects reloaded before import = 0
Number of asset objects unloaded after import = 9
========================================================================
Received Import Request.
  Time since last request: 0.000018 seconds.
  path: Assets/External Assets/Terrain/FlatPoly Floating Islands/Prefabs/Environment/rock_A_02.prefab
  artifactKey: Guid(c0d2547f98835844d92f3d0708f62278) Importer(815301076,1909f56bfc062723c751e8b465ee728b)
Start importing Assets/External Assets/Terrain/FlatPoly Floating Islands/Prefabs/Environment/rock_A_02.prefab using Guid(c0d2547f98835844d92f3d0708f62278) Importer(815301076,1909f56bfc062723c751e8b465ee728b)  -> (artifact id: '4d4e39ce645bdc28d2d67e8a97302c68') in 0.026769 seconds
Number of updated asset objects reloaded before import = 0
Number of asset objects unloaded after import = 9
========================================================================
Received Import Request.
  Time since last request: 0.000030 seconds.
  path: Assets/External Assets/Terrain/FlatPoly Floating Islands/Prefabs/Environment/platform_A_02.prefab
  artifactKey: Guid(d94ccb0bfdfc14041a0f5f4fa9a697a2) Importer(815301076,1909f56bfc062723c751e8b465ee728b)
Start importing Assets/External Assets/Terrain/FlatPoly Floating Islands/Prefabs/Environment/platform_A_02.prefab using Guid(d94ccb0bfdfc14041a0f5f4fa9a697a2) Importer(815301076,1909f56bfc062723c751e8b465ee728b)  -> (artifact id: '7dfb7c56f1d42cdad829ff8fa9f6bb7c') in 0.031069 seconds
Number of updated asset objects reloaded before import = 0
Number of asset objects unloaded after import = 9
========================================================================
Received Import Request.
  Time since last request: 0.000023 seconds.
  path: Assets/External Assets/Terrain/FlatPoly Floating Islands/Prefabs/Environment/island_B_01.prefab
  artifactKey: Guid(fde337a468e20014bafb68143b6a0063) Importer(815301076,1909f56bfc062723c751e8b465ee728b)
Start importing Assets/External Assets/Terrain/FlatPoly Floating Islands/Prefabs/Environment/island_B_01.prefab using Guid(fde337a468e20014bafb68143b6a0063) Importer(815301076,1909f56bfc062723c751e8b465ee728b)  -> (artifact id: 'f5adc3fbc129ad37fa5fc3fc71f82d6c') in 0.034292 seconds
Number of updated asset objects reloaded before import = 0
Number of asset objects unloaded after import = 9
========================================================================
Received Import Request.
  Time since last request: 0.000018 seconds.
  path: Assets/External Assets/Terrain/FlatPoly Floating Islands/Prefabs/Environment/platform_C_05.prefab
  artifactKey: Guid(08ec380a0584c88439caf007d5c94115) Importer(815301076,1909f56bfc062723c751e8b465ee728b)
Start importing Assets/External Assets/Terrain/FlatPoly Floating Islands/Prefabs/Environment/platform_C_05.prefab using Guid(08ec380a0584c88439caf007d5c94115) Importer(815301076,1909f56bfc062723c751e8b465ee728b)  -> (artifact id: '1c89b999214f52c96dc73382a9e64ad8') in 0.027785 seconds
Number of updated asset objects reloaded before import = 0
Number of asset objects unloaded after import = 9
========================================================================
Received Import Request.
  Time since last request: 0.000025 seconds.
  path: Assets/External Assets/Terrain/FlatPoly Floating Islands/Prefabs/Environment/platform_C_04.prefab
  artifactKey: Guid(89ce3ce4888b02f4c9ec0c3af800712d) Importer(815301076,1909f56bfc062723c751e8b465ee728b)
Start importing Assets/External Assets/Terrain/FlatPoly Floating Islands/Prefabs/Environment/platform_C_04.prefab using Guid(89ce3ce4888b02f4c9ec0c3af800712d) Importer(815301076,1909f56bfc062723c751e8b465ee728b)  -> (artifact id: '145f0edc396769b14b93500936dd2d55') in 0.031707 seconds
Number of updated asset objects reloaded before import = 0
Number of asset objects unloaded after import = 9
========================================================================
Received Import Request.
  Time since last request: 0.000021 seconds.
  path: Assets/External Assets/Terrain/FlatPoly Floating Islands/Prefabs/Environment/platform_A_03.prefab
  artifactKey: Guid(eef6afac8029c054897278b66d51f44f) Importer(815301076,1909f56bfc062723c751e8b465ee728b)
Start importing Assets/External Assets/Terrain/FlatPoly Floating Islands/Prefabs/Environment/platform_A_03.prefab using Guid(eef6afac8029c054897278b66d51f44f) Importer(815301076,1909f56bfc062723c751e8b465ee728b)  -> (artifact id: '666875b46b6394ee0f2da54d42f29145') in 0.024790 seconds
Number of updated asset objects reloaded before import = 0
Number of asset objects unloaded after import = 9
========================================================================
Received Import Request.
  Time since last request: 0.000043 seconds.
  path: Assets/External Assets/Terrain/FlatPoly Floating Islands/Prefabs/Environment/rock_A_01.prefab
  artifactKey: Guid(55bd602794a4e9d41b9365fd695caa87) Importer(815301076,1909f56bfc062723c751e8b465ee728b)
Start importing Assets/External Assets/Terrain/FlatPoly Floating Islands/Prefabs/Environment/rock_A_01.prefab using Guid(55bd602794a4e9d41b9365fd695caa87) Importer(815301076,1909f56bfc062723c751e8b465ee728b)  -> (artifact id: 'def93fc2e75164b6d2ce7e55492d87c9') in 0.026655 seconds
Number of updated asset objects reloaded before import = 0
Number of asset objects unloaded after import = 9
========================================================================
Received Import Request.
  Time since last request: 0.000021 seconds.
  path: Assets/External Assets/Terrain/FlatPoly Floating Islands/Prefabs/Environment/platform_D_02.prefab
  artifactKey: Guid(947a23021b21047489b507ed801c98d5) Importer(815301076,1909f56bfc062723c751e8b465ee728b)
Start importing Assets/External Assets/Terrain/FlatPoly Floating Islands/Prefabs/Environment/platform_D_02.prefab using Guid(947a23021b21047489b507ed801c98d5) Importer(815301076,1909f56bfc062723c751e8b465ee728b)  -> (artifact id: '2ab34cd4d469b638ebb80e883ceef781') in 0.022854 seconds
Number of updated asset objects reloaded before import = 0
Number of asset objects unloaded after import = 9
========================================================================
Received Import Request.
  Time since last request: 0.000018 seconds.
  path: Assets/External Assets/Terrain/FlatPoly Floating Islands/Prefabs/Environment/platform_B_04.prefab
  artifactKey: Guid(785b55d1ccd47034e8d3505780c6e9ee) Importer(815301076,1909f56bfc062723c751e8b465ee728b)
Start importing Assets/External Assets/Terrain/FlatPoly Floating Islands/Prefabs/Environment/platform_B_04.prefab using Guid(785b55d1ccd47034e8d3505780c6e9ee) Importer(815301076,1909f56bfc062723c751e8b465ee728b)  -> (artifact id: 'b4c19f00f6f55689eaebe999fae4d4b5') in 0.025035 seconds
Number of updated asset objects reloaded before import = 0
Number of asset objects unloaded after import = 9
========================================================================
Received Import Request.
  Time since last request: 0.000022 seconds.
  path: Assets/External Assets/Terrain/FlatPoly Floating Islands/Prefabs/Environment/island_D_03.prefab
  artifactKey: Guid(6ce0ca3dc6ddf3346b91b194af53e741) Importer(815301076,1909f56bfc062723c751e8b465ee728b)
Start importing Assets/External Assets/Terrain/FlatPoly Floating Islands/Prefabs/Environment/island_D_03.prefab using Guid(6ce0ca3dc6ddf3346b91b194af53e741) Importer(815301076,1909f56bfc062723c751e8b465ee728b)  -> (artifact id: '9f28f64995eaabe1d9a64e2676844d06') in 0.023630 seconds
Number of updated asset objects reloaded before import = 0
Number of asset objects unloaded after import = 9
========================================================================
Received Import Request.
  Time since last request: 0.000027 seconds.
  path: Assets/External Assets/Terrain/FlatPoly Floating Islands/Prefabs/Environment/platform_B_02.prefab
  artifactKey: Guid(fcdf142f3b1adf84a8d03ef514947dd8) Importer(815301076,1909f56bfc062723c751e8b465ee728b)
Start importing Assets/External Assets/Terrain/FlatPoly Floating Islands/Prefabs/Environment/platform_B_02.prefab using Guid(fcdf142f3b1adf84a8d03ef514947dd8) Importer(815301076,1909f56bfc062723c751e8b465ee728b)  -> (artifact id: 'aa6256bdc5e646e4aa5f7360206cb73a') in 0.023813 seconds
Number of updated asset objects reloaded before import = 0
Number of asset objects unloaded after import = 9
========================================================================
Received Import Request.
  Time since last request: 0.000021 seconds.
  path: Assets/External Assets/Terrain/FlatPoly Floating Islands/Prefabs/Environment/platform_A_04.prefab
  artifactKey: Guid(797944aea48e77445be9c1913af4909b) Importer(815301076,1909f56bfc062723c751e8b465ee728b)
Start importing Assets/External Assets/Terrain/FlatPoly Floating Islands/Prefabs/Environment/platform_A_04.prefab using Guid(797944aea48e77445be9c1913af4909b) Importer(815301076,1909f56bfc062723c751e8b465ee728b)  -> (artifact id: 'b63bcf810bb178f543aea26088ae151b') in 0.026466 seconds
Number of updated asset objects reloaded before import = 0
Number of asset objects unloaded after import = 9
========================================================================
Received Import Request.
  Time since last request: 0.000019 seconds.
  path: Assets/External Assets/Terrain/FlatPoly Floating Islands/Prefabs/Environment/platform_A_05.prefab
  artifactKey: Guid(6071f08f901cb7c488d79e521b34857e) Importer(815301076,1909f56bfc062723c751e8b465ee728b)
Start importing Assets/External Assets/Terrain/FlatPoly Floating Islands/Prefabs/Environment/platform_A_05.prefab using Guid(6071f08f901cb7c488d79e521b34857e) Importer(815301076,1909f56bfc062723c751e8b465ee728b)  -> (artifact id: 'a6136ff978ff5a9343d5f0d455e786ed') in 0.025651 seconds
Number of updated asset objects reloaded before import = 0
Number of asset objects unloaded after import = 9
========================================================================
Received Import Request.
  Time since last request: 0.000019 seconds.
  path: Assets/External Assets/Terrain/FlatPoly Floating Islands/Prefabs/Environment/platform_D_04.prefab
  artifactKey: Guid(bc24363dfd6f63e4abfc725ebaa66e52) Importer(815301076,1909f56bfc062723c751e8b465ee728b)
Start importing Assets/External Assets/Terrain/FlatPoly Floating Islands/Prefabs/Environment/platform_D_04.prefab using Guid(bc24363dfd6f63e4abfc725ebaa66e52) Importer(815301076,1909f56bfc062723c751e8b465ee728b)  -> (artifact id: '53611b51e557b1567c5b1eda7b8d6440') in 0.027466 seconds
Number of updated asset objects reloaded before import = 0
Number of asset objects unloaded after import = 9
========================================================================
Received Prepare
Begin MonoManager ReloadAssembly
Symbol file LoadedFromMemory doesn't match image C:\Users\pc\Desktop\Photon-Network\Photon Server Game\Library\PackageCache\com.unity.visualscripting@1.8.0\Editor\VisualScripting.Core\Dependencies\YamlDotNet\Unity.VisualScripting.YamlDotNet.dll
Symbol file LoadedFromMemory doesn't match image C:\Users\pc\Desktop\Photon-Network\Photon Server Game\Library\PackageCache\com.unity.visualscripting@1.8.0\Editor\VisualScripting.Core\Dependencies\DotNetZip\Unity.VisualScripting.IonicZip.dll
- Loaded All Assemblies, in  3.056 seconds
Refreshing native plugins compatible for Editor in 10.85 ms, found 3 plugins.
Native extension for WindowsStandalone target not found
Native extension for WebGL target not found
[Package Manager] Server::EnsureServerProcessIsRunning -- launch failed, reason: Unity was launched with the -noUpm command-line argument
[Package Manager] UpmClient::Send -- Unable to send message (not connected to UPM process).
[Package Manager] Cannot connect to Unity Package Manager local server
Mono: successfully reloaded assembly
- Finished resetting the current domain, in  2.223 seconds
Domain Reload Profiling: 5276ms
	BeginReloadAssembly (1220ms)
		ExecutionOrderSort (0ms)
		DisableScriptedObjects (34ms)
		BackupInstance (0ms)
		ReleaseScriptingObjects (1ms)
		CreateAndSetChildDomain (808ms)
	RebuildCommonClasses (37ms)
	RebuildNativeTypeToScriptingClass (13ms)
	initialDomainReloadingComplete (49ms)
	LoadAllAssembliesAndSetupDomain (1735ms)
		LoadAssemblies (1077ms)
		RebuildTransferFunctionScriptingTraits (0ms)
		AnalyzeDomain (835ms)
			TypeCache.Refresh (806ms)
				TypeCache.ScanAssembly (587ms)
			ScanForSourceGeneratedMonoScriptInfo (19ms)
			ResolveRequiredComponents (10ms)
	FinalizeReload (2223ms)
		ReleaseScriptCaches (0ms)
		RebuildScriptCaches (0ms)
		SetupLoadedEditorAssemblies (764ms)
			LogAssemblyErrors (0ms)
			InitializePlatformSupportModulesInManaged (19ms)
			SetLoadedEditorAssemblies (15ms)
			RefreshPlugins (0ms)
			BeforeProcessingInitializeOnLoad (114ms)
			ProcessInitializeOnLoadAttributes (578ms)
			ProcessInitializeOnLoadMethodAttributes (28ms)
			AfterProcessingInitializeOnLoad (10ms)
			EditorAssembliesLoaded (0ms)
		ExecutionOrderSort2 (0ms)
		AwakeInstancesAfterBackupRestoration (28ms)
Refreshing native plugins compatible for Editor in 14.77 ms, found 3 plugins.
Preloading 0 native plugins for Editor in 0.00 ms.
Unloading 3427 Unused Serialized files (Serialized files now loaded: 0)
Unloading 35 unused Assets / (36.5 KB). Loaded Objects now: 3926.
Memory consumption went from 129.1 MB to 129.1 MB.
Total: 8.521600 ms (FindLiveObjects: 0.490200 ms CreateObjectMapping: 0.146500 ms MarkObjects: 7.429900 ms  DeleteObjects: 0.453900 ms)

Prepare: number of updated asset objects reloaded= 0
AssetImportParameters requested are different than current active one (requested -> active):
  custom:container-demuxer-ogg: 62fdf1f143b41e24485cea50d1cbac27 -> 
  custom:video-codec-MediaFoundation-h265: 746d11721c4dcdbdad8f713fa42b33f4 -> 
  custom:video-decoder-ogg-theora: a1e56fd34408186e4bbccfd4996cb3dc -> 
  custom:framework-win-MediaFoundation: 216162199b28c13a410421893ffa2e32 -> 
  custom:CustomObjectIndexerAttribute: 756ad292c208cfabdd7b50bc23989ffe -> 
  custom:container-demuxer-webm: 4f35f7cbe854078d1ac9338744f61a02 -> 
  custom:container-muxer-webm: aa71ff27fc2769a1b78a27578f13a17b -> 
  custom:video-decoder-webm-vp8: 9c59270c3fd7afecdb556c50c9e8de78 -> 
  custom:AudioImporter_EditorPlatform: d09bf68614088b80899f8185d706f6e7 -> 
  custom:video-encoder-webm-vp8: eb34c28f22e8b96e1ab97ce403110664 -> 
  custom:audio-decoder-ogg-vorbis: bf7c407c2cedff20999df2af8eb42d56 -> 
  custom:audio-encoder-webm-vorbis: bf7c407c2cedff20999df2af8eb42d56 -> 
========================================================================
Received Prepare
Begin MonoManager ReloadAssembly
Symbol file LoadedFromMemory doesn't match image C:\Users\pc\Desktop\Photon-Network\Photon Server Game\Library\PackageCache\com.unity.visualscripting@1.8.0\Editor\VisualScripting.Core\Dependencies\YamlDotNet\Unity.VisualScripting.YamlDotNet.dll
Symbol file LoadedFromMemory doesn't match image C:\Users\pc\Desktop\Photon-Network\Photon Server Game\Library\PackageCache\com.unity.visualscripting@1.8.0\Editor\VisualScripting.Core\Dependencies\DotNetZip\Unity.VisualScripting.IonicZip.dll
- Loaded All Assemblies, in  1.364 seconds
Refreshing native plugins compatible for Editor in 11.08 ms, found 3 plugins.
Native extension for WindowsStandalone target not found
Native extension for WebGL target not found
[Package Manager] Server::EnsureServerProcessIsRunning -- launch failed, reason: Unity was launched with the -noUpm command-line argument
[Package Manager] UpmClient::Send -- Unable to send message (not connected to UPM process).
[Package Manager] Cannot connect to Unity Package Manager local server
Mono: successfully reloaded assembly
- Finished resetting the current domain, in  2.283 seconds
Domain Reload Profiling: 3644ms
	BeginReloadAssembly (238ms)
		ExecutionOrderSort (0ms)
		DisableScriptedObjects (7ms)
		BackupInstance (0ms)
		ReleaseScriptingObjects (0ms)
		CreateAndSetChildDomain (82ms)
	RebuildCommonClasses (53ms)
	RebuildNativeTypeToScriptingClass (12ms)
	initialDomainReloadingComplete (45ms)
	LoadAllAssembliesAndSetupDomain (1012ms)
		LoadAssemblies (475ms)
		RebuildTransferFunctionScriptingTraits (0ms)
		AnalyzeDomain (631ms)
			TypeCache.Refresh (613ms)
				TypeCache.ScanAssembly (582ms)
			ScanForSourceGeneratedMonoScriptInfo (4ms)
			ResolveRequiredComponents (14ms)
	FinalizeReload (2284ms)
		ReleaseScriptCaches (0ms)
		RebuildScriptCaches (0ms)
		SetupLoadedEditorAssemblies (982ms)
			LogAssemblyErrors (0ms)
			InitializePlatformSupportModulesInManaged (13ms)
			SetLoadedEditorAssemblies (8ms)
			RefreshPlugins (0ms)
			BeforeProcessingInitializeOnLoad (97ms)
			ProcessInitializeOnLoadAttributes (821ms)
			ProcessInitializeOnLoadMethodAttributes (34ms)
			AfterProcessingInitializeOnLoad (9ms)
			EditorAssembliesLoaded (0ms)
		ExecutionOrderSort2 (0ms)
		AwakeInstancesAfterBackupRestoration (19ms)
Refreshing native plugins compatible for Editor in 16.15 ms, found 3 plugins.
Preloading 0 native plugins for Editor in 0.00 ms.
Unloading 3428 Unused Serialized files (Serialized files now loaded: 0)
Unloading 35 unused Assets / (36.5 KB). Loaded Objects now: 3931.
Memory consumption went from 129.4 MB to 129.3 MB.
Total: 6.980200 ms (FindLiveObjects: 0.419300 ms CreateObjectMapping: 0.194700 ms MarkObjects: 6.234000 ms  DeleteObjects: 0.130100 ms)

Prepare: number of updated asset objects reloaded= 0
AssetImportParameters requested are different than current active one (requested -> active):
  custom:container-demuxer-ogg: 62fdf1f143b41e24485cea50d1cbac27 -> 
  custom:video-codec-MediaFoundation-h265: 746d11721c4dcdbdad8f713fa42b33f4 -> 
  custom:video-decoder-ogg-theora: a1e56fd34408186e4bbccfd4996cb3dc -> 
  custom:framework-win-MediaFoundation: 216162199b28c13a410421893ffa2e32 -> 
  custom:CustomObjectIndexerAttribute: 756ad292c208cfabdd7b50bc23989ffe -> 
  custom:container-demuxer-webm: 4f35f7cbe854078d1ac9338744f61a02 -> 
  custom:container-muxer-webm: aa71ff27fc2769a1b78a27578f13a17b -> 
  custom:video-decoder-webm-vp8: 9c59270c3fd7afecdb556c50c9e8de78 -> 
  custom:AudioImporter_EditorPlatform: d09bf68614088b80899f8185d706f6e7 -> 
  custom:video-encoder-webm-vp8: eb34c28f22e8b96e1ab97ce403110664 -> 
  custom:audio-decoder-ogg-vorbis: bf7c407c2cedff20999df2af8eb42d56 -> 
  custom:audio-encoder-webm-vorbis: bf7c407c2cedff20999df2af8eb42d56 -> 
========================================================================
Received Prepare
Begin MonoManager ReloadAssembly
Symbol file LoadedFromMemory doesn't match image C:\Users\pc\Desktop\Photon-Network\Photon Server Game\Library\PackageCache\com.unity.visualscripting@1.8.0\Editor\VisualScripting.Core\Dependencies\YamlDotNet\Unity.VisualScripting.YamlDotNet.dll
Symbol file LoadedFromMemory doesn't match image C:\Users\pc\Desktop\Photon-Network\Photon Server Game\Library\PackageCache\com.unity.visualscripting@1.8.0\Editor\VisualScripting.Core\Dependencies\DotNetZip\Unity.VisualScripting.IonicZip.dll
- Loaded All Assemblies, in  3.001 seconds
Refreshing native plugins compatible for Editor in 8.36 ms, found 3 plugins.
Native extension for WindowsStandalone target not found
Native extension for WebGL target not found
[Package Manager] Server::EnsureServerProcessIsRunning -- launch failed, reason: Unity was launched with the -noUpm command-line argument
[Package Manager] UpmClient::Send -- Unable to send message (not connected to UPM process).
[Package Manager] Cannot connect to Unity Package Manager local server
Mono: successfully reloaded assembly
- Finished resetting the current domain, in  2.085 seconds
Domain Reload Profiling: 5082ms
	BeginReloadAssembly (907ms)
		ExecutionOrderSort (0ms)
		DisableScriptedObjects (27ms)
		BackupInstance (0ms)
		ReleaseScriptingObjects (1ms)
		CreateAndSetChildDomain (320ms)
	RebuildCommonClasses (56ms)
	RebuildNativeTypeToScriptingClass (17ms)
	initialDomainReloadingComplete (65ms)
	LoadAllAssembliesAndSetupDomain (1951ms)
		LoadAssemblies (1444ms)
		RebuildTransferFunctionScriptingTraits (0ms)
		AnalyzeDomain (919ms)
			TypeCache.Refresh (898ms)
				TypeCache.ScanAssembly (800ms)
			ScanForSourceGeneratedMonoScriptInfo (9ms)
			ResolveRequiredComponents (12ms)
	FinalizeReload (2086ms)
		ReleaseScriptCaches (0ms)
		RebuildScriptCaches (0ms)
		SetupLoadedEditorAssemblies (766ms)
			LogAssemblyErrors (0ms)
			InitializePlatformSupportModulesInManaged (9ms)
			SetLoadedEditorAssemblies (6ms)
			RefreshPlugins (0ms)
			BeforeProcessingInitializeOnLoad (74ms)
			ProcessInitializeOnLoadAttributes (634ms)
			ProcessInitializeOnLoadMethodAttributes (28ms)
			AfterProcessingInitializeOnLoad (15ms)
			EditorAssembliesLoaded (0ms)
		ExecutionOrderSort2 (0ms)
		AwakeInstancesAfterBackupRestoration (23ms)
Refreshing native plugins compatible for Editor in 14.96 ms, found 3 plugins.
Preloading 0 native plugins for Editor in 0.00 ms.
Unloading 3428 Unused Serialized files (Serialized files now loaded: 0)
Unloading 35 unused Assets / (36.4 KB). Loaded Objects now: 3936.
Memory consumption went from 129.4 MB to 129.3 MB.
Total: 9.522300 ms (FindLiveObjects: 0.389400 ms CreateObjectMapping: 0.275700 ms MarkObjects: 8.761600 ms  DeleteObjects: 0.093800 ms)

Prepare: number of updated asset objects reloaded= 0
AssetImportParameters requested are different than current active one (requested -> active):
  custom:container-demuxer-ogg: 62fdf1f143b41e24485cea50d1cbac27 -> 
  custom:video-codec-MediaFoundation-h265: 746d11721c4dcdbdad8f713fa42b33f4 -> 
  custom:video-decoder-ogg-theora: a1e56fd34408186e4bbccfd4996cb3dc -> 
  custom:framework-win-MediaFoundation: 216162199b28c13a410421893ffa2e32 -> 
  custom:CustomObjectIndexerAttribute: 756ad292c208cfabdd7b50bc23989ffe -> 
  custom:container-demuxer-webm: 4f35f7cbe854078d1ac9338744f61a02 -> 
  custom:container-muxer-webm: aa71ff27fc2769a1b78a27578f13a17b -> 
  custom:video-decoder-webm-vp8: 9c59270c3fd7afecdb556c50c9e8de78 -> 
  custom:AudioImporter_EditorPlatform: d09bf68614088b80899f8185d706f6e7 -> 
  custom:video-encoder-webm-vp8: eb34c28f22e8b96e1ab97ce403110664 -> 
  custom:audio-decoder-ogg-vorbis: bf7c407c2cedff20999df2af8eb42d56 -> 
  custom:audio-encoder-webm-vorbis: bf7c407c2cedff20999df2af8eb42d56 -> 
