Using pre-set license
Built from '2022.3/staging' branch; Version is '2022.3.4f1 (35713cd46cd7) revision 3502396'; Using compiler version '192829333'; Build Type 'Release'
OS: 'Windows 11  (10.0.22621) 64bit Core' Language: 'ko' Physical Memory: 7865 MB
BatchMode: 1, IsHumanControllingUs: 0, StartBugReporterOnCrash: 0, Is64bit: 1, IsPro: 1

COMMAND LINE ARGUMENTS:
C:\Users\pc\OneDrive\유니티\2022.3.4f1\Editor\Unity.exe
-adb2
-batchMode
-noUpm
-name
AssetImportWorker0
-projectPath
C:/Users/pc/Desktop/Photon-Network/Photon Server Game
-logFile
Logs/AssetImportWorker0.log
-srvPort
51424
Successfully changed project path to: C:/Users/pc/Desktop/Photon-Network/Photon Server Game
C:/Users/pc/Desktop/Photon-Network/Photon Server Game
[UnityMemory] Configuration Parameters - Can be set up in boot.config
    "memorysetup-bucket-allocator-granularity=16"
    "memorysetup-bucket-allocator-bucket-count=8"
    "memorysetup-bucket-allocator-block-size=33554432"
    "memorysetup-bucket-allocator-block-count=8"
    "memorysetup-main-allocator-block-size=16777216"
    "memorysetup-thread-allocator-block-size=16777216"
    "memorysetup-gfx-main-allocator-block-size=16777216"
    "memorysetup-gfx-thread-allocator-block-size=16777216"
    "memorysetup-cache-allocator-block-size=4194304"
    "memorysetup-typetree-allocator-block-size=2097152"
    "memorysetup-profiler-bucket-allocator-granularity=16"
    "memorysetup-profiler-bucket-allocator-bucket-count=8"
    "memorysetup-profiler-bucket-allocator-block-size=33554432"
    "memorysetup-profiler-bucket-allocator-block-count=8"
    "memorysetup-profiler-allocator-block-size=16777216"
    "memorysetup-profiler-editor-allocator-block-size=1048576"
    "memorysetup-temp-allocator-size-main=16777216"
    "memorysetup-job-temp-allocator-block-size=2097152"
    "memorysetup-job-temp-allocator-block-size-background=1048576"
    "memorysetup-job-temp-allocator-reduction-small-platforms=262144"
    "memorysetup-allocator-temp-initial-block-size-main=262144"
    "memorysetup-allocator-temp-initial-block-size-worker=262144"
    "memorysetup-temp-allocator-size-background-worker=32768"
    "memorysetup-temp-allocator-size-job-worker=262144"
    "memorysetup-temp-allocator-size-preload-manager=33554432"
    "memorysetup-temp-allocator-size-nav-mesh-worker=65536"
    "memorysetup-temp-allocator-size-audio-worker=65536"
    "memorysetup-temp-allocator-size-cloud-worker=32768"
    "memorysetup-temp-allocator-size-gi-baking-worker=262144"
    "memorysetup-temp-allocator-size-gfx=262144"
Player connection [30100] Host "[IP] 172.30.1.69 [Port] 0 [Flags] 2 [Guid] 1592493673 [EditorId] 1592493673 [Version] 1048832 [Id] WindowsEditor(7,LAPTOP-P8B5O89S) [Debug] 1 [PackageName] WindowsEditor [ProjectName] Editor" joined multi-casting on [225.0.0.222:54997]...

Player connection [30100] Host "[IP] 172.30.1.69 [Port] 0 [Flags] 2 [Guid] 1592493673 [EditorId] 1592493673 [Version] 1048832 [Id] WindowsEditor(7,LAPTOP-P8B5O89S) [Debug] 1 [PackageName] WindowsEditor [ProjectName] Editor" joined alternative multi-casting on [225.0.0.222:34997]...

Refreshing native plugins compatible for Editor in 40.87 ms, found 3 plugins.
Preloading 0 native plugins for Editor in 0.00 ms.
Initialize engine version: 2022.3.4f1 (35713cd46cd7)
[Subsystems] Discovering subsystems at path C:/Users/pc/OneDrive/유니티/2022.3.4f1/Editor/Data/Resources/UnitySubsystems
[Subsystems] Discovering subsystems at path C:/Users/pc/Desktop/Photon-Network/Photon Server Game/Assets
GfxDevice: creating device client; threaded=0; jobified=0
Direct3D:
    Version:  Direct3D 11.0 [level 11.1]
    Renderer: NVIDIA GeForce MX450 (ID=0x1f97)
    Vendor:   NVIDIA
    VRAM:     1928 MB
    Driver:   27.21.14.5256
Initialize mono
Mono path[0] = 'C:/Users/pc/OneDrive/유니티/2022.3.4f1/Editor/Data/Managed'
Mono path[1] = 'C:/Users/pc/OneDrive/유니티/2022.3.4f1/Editor/Data/MonoBleedingEdge/lib/mono/unityjit-win32'
Mono config path = 'C:/Users/pc/OneDrive/유니티/2022.3.4f1/Editor/Data/MonoBleedingEdge/etc'
Using monoOptions --debugger-agent=transport=dt_socket,embedding=1,server=y,suspend=n,address=127.0.0.1:56188
Begin MonoManager ReloadAssembly
Registering precompiled unity dll's ...
Register platform support module: C:/Users/pc/OneDrive/유니티/2022.3.4f1/Editor/Data/PlaybackEngines/WebGLSupport/UnityEditor.WebGL.Extensions.dll
Register platform support module: C:/Users/pc/OneDrive/유니티/2022.3.4f1/Editor/Data/PlaybackEngines/WindowsStandaloneSupport/UnityEditor.WindowsStandalone.Extensions.dll
Registered in 0.011603 seconds.
- Loaded All Assemblies, in  0.586 seconds
Native extension for WindowsStandalone target not found
Native extension for WebGL target not found
Mono: successfully reloaded assembly
- Finished resetting the current domain, in  0.493 seconds
Domain Reload Profiling: 1077ms
	BeginReloadAssembly (177ms)
		ExecutionOrderSort (0ms)
		DisableScriptedObjects (0ms)
		BackupInstance (0ms)
		ReleaseScriptingObjects (0ms)
		CreateAndSetChildDomain (1ms)
	RebuildCommonClasses (57ms)
	RebuildNativeTypeToScriptingClass (17ms)
	initialDomainReloadingComplete (77ms)
	LoadAllAssembliesAndSetupDomain (256ms)
		LoadAssemblies (174ms)
		RebuildTransferFunctionScriptingTraits (0ms)
		AnalyzeDomain (247ms)
			TypeCache.Refresh (244ms)
				TypeCache.ScanAssembly (219ms)
			ScanForSourceGeneratedMonoScriptInfo (1ms)
			ResolveRequiredComponents (1ms)
	FinalizeReload (494ms)
		ReleaseScriptCaches (0ms)
		RebuildScriptCaches (0ms)
		SetupLoadedEditorAssemblies (391ms)
			LogAssemblyErrors (0ms)
			InitializePlatformSupportModulesInManaged (18ms)
			SetLoadedEditorAssemblies (11ms)
			RefreshPlugins (0ms)
			BeforeProcessingInitializeOnLoad (4ms)
			ProcessInitializeOnLoadAttributes (264ms)
			ProcessInitializeOnLoadMethodAttributes (93ms)
			AfterProcessingInitializeOnLoad (0ms)
			EditorAssembliesLoaded (0ms)
		ExecutionOrderSort2 (0ms)
		AwakeInstancesAfterBackupRestoration (0ms)
========================================================================
Worker process is ready to serve import requests
Begin MonoManager ReloadAssembly
Symbol file LoadedFromMemory doesn't match image C:\Users\pc\Desktop\Photon-Network\Photon Server Game\Library\PackageCache\com.unity.visualscripting@1.8.0\Editor\VisualScripting.Core\Dependencies\YamlDotNet\Unity.VisualScripting.YamlDotNet.dll
Symbol file LoadedFromMemory doesn't match image C:\Users\pc\Desktop\Photon-Network\Photon Server Game\Library\PackageCache\com.unity.visualscripting@1.8.0\Editor\VisualScripting.Core\Dependencies\DotNetZip\Unity.VisualScripting.IonicZip.dll
- Loaded All Assemblies, in  1.499 seconds
Refreshing native plugins compatible for Editor in 17.96 ms, found 3 plugins.
Native extension for WindowsStandalone target not found
Native extension for WebGL target not found
Package Manager log level set to [2]
[Package Manager] Server::EnsureServerProcessIsRunning -- launch failed, reason: Unity was launched with the -noUpm command-line argument
[Package Manager] UpmClient::Send -- Unable to send message (not connected to UPM process).
[Package Manager] Cannot connect to Unity Package Manager local server
Mono: successfully reloaded assembly
- Finished resetting the current domain, in  1.163 seconds
Domain Reload Profiling: 2658ms
	BeginReloadAssembly (202ms)
		ExecutionOrderSort (0ms)
		DisableScriptedObjects (7ms)
		BackupInstance (0ms)
		ReleaseScriptingObjects (0ms)
		CreateAndSetChildDomain (35ms)
	RebuildCommonClasses (49ms)
	RebuildNativeTypeToScriptingClass (15ms)
	initialDomainReloadingComplete (66ms)
	LoadAllAssembliesAndSetupDomain (1161ms)
		LoadAssemblies (584ms)
		RebuildTransferFunctionScriptingTraits (0ms)
		AnalyzeDomain (674ms)
			TypeCache.Refresh (644ms)
				TypeCache.ScanAssembly (618ms)
			ScanForSourceGeneratedMonoScriptInfo (22ms)
			ResolveRequiredComponents (8ms)
	FinalizeReload (1164ms)
		ReleaseScriptCaches (0ms)
		RebuildScriptCaches (0ms)
		SetupLoadedEditorAssemblies (899ms)
			LogAssemblyErrors (0ms)
			InitializePlatformSupportModulesInManaged (12ms)
			SetLoadedEditorAssemblies (7ms)
			RefreshPlugins (0ms)
			BeforeProcessingInitializeOnLoad (111ms)
			ProcessInitializeOnLoadAttributes (736ms)
			ProcessInitializeOnLoadMethodAttributes (26ms)
			AfterProcessingInitializeOnLoad (7ms)
			EditorAssembliesLoaded (0ms)
		ExecutionOrderSort2 (0ms)
		AwakeInstancesAfterBackupRestoration (16ms)
Launched and connected shader compiler UnityShaderCompiler.exe after 0.10 seconds
Refreshing native plugins compatible for Editor in 8.63 ms, found 3 plugins.
Preloading 0 native plugins for Editor in 0.00 ms.
Unloading 3453 Unused Serialized files (Serialized files now loaded: 0)
Unloading 47 unused Assets / (61.9 KB). Loaded Objects now: 3910.
Memory consumption went from 129.1 MB to 129.0 MB.
Total: 4.539500 ms (FindLiveObjects: 0.260100 ms CreateObjectMapping: 0.131300 ms MarkObjects: 4.006300 ms  DeleteObjects: 0.140500 ms)

AssetImportParameters requested are different than current active one (requested -> active):
  custom:container-demuxer-ogg: 62fdf1f143b41e24485cea50d1cbac27 -> 
  custom:video-codec-MediaFoundation-h265: 746d11721c4dcdbdad8f713fa42b33f4 -> 
  custom:video-decoder-ogg-theora: a1e56fd34408186e4bbccfd4996cb3dc -> 
  custom:framework-win-MediaFoundation: 216162199b28c13a410421893ffa2e32 -> 
  custom:container-demuxer-webm: 4f35f7cbe854078d1ac9338744f61a02 -> 
  custom:container-muxer-webm: aa71ff27fc2769a1b78a27578f13a17b -> 
  custom:video-decoder-webm-vp8: 9c59270c3fd7afecdb556c50c9e8de78 -> 
  custom:AudioImporter_EditorPlatform: d09bf68614088b80899f8185d706f6e7 -> 
  custom:video-encoder-webm-vp8: eb34c28f22e8b96e1ab97ce403110664 -> 
  custom:audio-decoder-ogg-vorbis: bf7c407c2cedff20999df2af8eb42d56 -> 
  custom:audio-encoder-webm-vorbis: bf7c407c2cedff20999df2af8eb42d56 -> 
========================================================================
Received Prepare
Refreshing native plugins compatible for Editor in 10.89 ms, found 3 plugins.
Preloading 0 native plugins for Editor in 0.00 ms.
Unloading 1 Unused Serialized files (Serialized files now loaded: 0)
Unloading 1 unused Assets / (3.0 KB). Loaded Objects now: 3910.
Memory consumption went from 71.6 MB to 71.6 MB.
Total: 3.122500 ms (FindLiveObjects: 0.303000 ms CreateObjectMapping: 0.365600 ms MarkObjects: 2.428500 ms  DeleteObjects: 0.024400 ms)

Prepare: number of updated asset objects reloaded= 0
AssetImportParameters requested are different than current active one (requested -> active):
  custom:container-demuxer-ogg: 62fdf1f143b41e24485cea50d1cbac27 -> 
  custom:video-codec-MediaFoundation-h265: 746d11721c4dcdbdad8f713fa42b33f4 -> 
  custom:video-decoder-ogg-theora: a1e56fd34408186e4bbccfd4996cb3dc -> 
  custom:framework-win-MediaFoundation: 216162199b28c13a410421893ffa2e32 -> 
  custom:CustomObjectIndexerAttribute: 756ad292c208cfabdd7b50bc23989ffe -> 
  custom:container-demuxer-webm: 4f35f7cbe854078d1ac9338744f61a02 -> 
  custom:container-muxer-webm: aa71ff27fc2769a1b78a27578f13a17b -> 
  custom:video-decoder-webm-vp8: 9c59270c3fd7afecdb556c50c9e8de78 -> 
  custom:AudioImporter_EditorPlatform: d09bf68614088b80899f8185d706f6e7 -> 
  custom:video-encoder-webm-vp8: eb34c28f22e8b96e1ab97ce403110664 -> 
  custom:audio-decoder-ogg-vorbis: bf7c407c2cedff20999df2af8eb42d56 -> 
  custom:audio-encoder-webm-vorbis: bf7c407c2cedff20999df2af8eb42d56 -> 
========================================================================
Received Import Request.
  Time since last request: 1264944.313036 seconds.
  path: Assets/Scripts/Controller.cs
  artifactKey: Guid(fb0bcaa67155ac64a95bcd146d2513b4) Importer(815301076,1909f56bfc062723c751e8b465ee728b)
Start importing Assets/Scripts/Controller.cs using Guid(fb0bcaa67155ac64a95bcd146d2513b4) Importer(815301076,1909f56bfc062723c751e8b465ee728b)  -> (artifact id: '87330094f382a0cd9b6a915d5f01b57e') in 0.015691 seconds
Number of updated asset objects reloaded before import = 0
Number of asset objects unloaded after import = 0
========================================================================
Received Prepare
Begin MonoManager ReloadAssembly
Symbol file LoadedFromMemory doesn't match image C:\Users\pc\Desktop\Photon-Network\Photon Server Game\Library\PackageCache\com.unity.visualscripting@1.8.0\Editor\VisualScripting.Core\Dependencies\YamlDotNet\Unity.VisualScripting.YamlDotNet.dll
Symbol file LoadedFromMemory doesn't match image C:\Users\pc\Desktop\Photon-Network\Photon Server Game\Library\PackageCache\com.unity.visualscripting@1.8.0\Editor\VisualScripting.Core\Dependencies\DotNetZip\Unity.VisualScripting.IonicZip.dll
- Loaded All Assemblies, in  5.920 seconds
Refreshing native plugins compatible for Editor in 40.34 ms, found 3 plugins.
Native extension for WindowsStandalone target not found
Native extension for WebGL target not found
[Package Manager] Server::EnsureServerProcessIsRunning -- launch failed, reason: Unity was launched with the -noUpm command-line argument
[Package Manager] UpmClient::Send -- Unable to send message (not connected to UPM process).
[Package Manager] Cannot connect to Unity Package Manager local server
Mono: successfully reloaded assembly
- Finished resetting the current domain, in  5.930 seconds
Domain Reload Profiling: 11834ms
	BeginReloadAssembly (1928ms)
		ExecutionOrderSort (0ms)
		DisableScriptedObjects (98ms)
		BackupInstance (0ms)
		ReleaseScriptingObjects (3ms)
		CreateAndSetChildDomain (1000ms)
	RebuildCommonClasses (117ms)
	RebuildNativeTypeToScriptingClass (35ms)
	initialDomainReloadingComplete (157ms)
	LoadAllAssembliesAndSetupDomain (3665ms)
		LoadAssemblies (2546ms)
		RebuildTransferFunctionScriptingTraits (0ms)
		AnalyzeDomain (1510ms)
			TypeCache.Refresh (1468ms)
				TypeCache.ScanAssembly (1229ms)
			ScanForSourceGeneratedMonoScriptInfo (20ms)
			ResolveRequiredComponents (22ms)
	FinalizeReload (5932ms)
		ReleaseScriptCaches (0ms)
		RebuildScriptCaches (0ms)
		SetupLoadedEditorAssemblies (2189ms)
			LogAssemblyErrors (0ms)
			InitializePlatformSupportModulesInManaged (33ms)
			SetLoadedEditorAssemblies (16ms)
			RefreshPlugins (0ms)
			BeforeProcessingInitializeOnLoad (341ms)
			ProcessInitializeOnLoadAttributes (1686ms)
			ProcessInitializeOnLoadMethodAttributes (75ms)
			AfterProcessingInitializeOnLoad (37ms)
			EditorAssembliesLoaded (1ms)
		ExecutionOrderSort2 (0ms)
		AwakeInstancesAfterBackupRestoration (64ms)
Refreshing native plugins compatible for Editor in 25.87 ms, found 3 plugins.
Preloading 0 native plugins for Editor in 0.00 ms.
Unloading 3429 Unused Serialized files (Serialized files now loaded: 0)
Unloading 35 unused Assets / (37.3 KB). Loaded Objects now: 3915.
Memory consumption went from 124.5 MB to 124.4 MB.
Total: 13.363400 ms (FindLiveObjects: 0.348800 ms CreateObjectMapping: 0.172800 ms MarkObjects: 12.735400 ms  DeleteObjects: 0.103200 ms)

Prepare: number of updated asset objects reloaded= 0
AssetImportParameters requested are different than current active one (requested -> active):
  custom:container-demuxer-ogg: 62fdf1f143b41e24485cea50d1cbac27 -> 
  custom:video-codec-MediaFoundation-h265: 746d11721c4dcdbdad8f713fa42b33f4 -> 
  custom:video-decoder-ogg-theora: a1e56fd34408186e4bbccfd4996cb3dc -> 
  custom:framework-win-MediaFoundation: 216162199b28c13a410421893ffa2e32 -> 
  custom:CustomObjectIndexerAttribute: 756ad292c208cfabdd7b50bc23989ffe -> 
  custom:container-demuxer-webm: 4f35f7cbe854078d1ac9338744f61a02 -> 
  custom:container-muxer-webm: aa71ff27fc2769a1b78a27578f13a17b -> 
  custom:video-decoder-webm-vp8: 9c59270c3fd7afecdb556c50c9e8de78 -> 
  custom:AudioImporter_EditorPlatform: d09bf68614088b80899f8185d706f6e7 -> 
  custom:video-encoder-webm-vp8: eb34c28f22e8b96e1ab97ce403110664 -> 
  custom:audio-decoder-ogg-vorbis: bf7c407c2cedff20999df2af8eb42d56 -> 
  custom:audio-encoder-webm-vorbis: bf7c407c2cedff20999df2af8eb42d56 -> 
========================================================================
Received Import Request.
  Time since last request: 296.490008 seconds.
  path: Assets/Scenes/Photon Game.unity
  artifactKey: Guid(5b10eedebcc0c5c4ebb7e5cf88966172) Importer(815301076,1909f56bfc062723c751e8b465ee728b)
Start importing Assets/Scenes/Photon Game.unity using Guid(5b10eedebcc0c5c4ebb7e5cf88966172) Importer(815301076,1909f56bfc062723c751e8b465ee728b)  -> (artifact id: '34550386c354846f997c775889cdc304') in 0.013520 seconds
Number of updated asset objects reloaded before import = 0
Number of asset objects unloaded after import = 0
========================================================================
Received Import Request.
  Time since last request: 0.982750 seconds.
  path: Assets/Scenes/Photon Lobby.unity
  artifactKey: Guid(f13c28d03aa25334ca011ed020e1bb26) Importer(815301076,1909f56bfc062723c751e8b465ee728b)
Start importing Assets/Scenes/Photon Lobby.unity using Guid(f13c28d03aa25334ca011ed020e1bb26) Importer(815301076,1909f56bfc062723c751e8b465ee728b)  -> (artifact id: '7bd9e506c22e0fc3dba80a3d05b52dab') in 0.001801 seconds
Number of updated asset objects reloaded before import = 0
Number of asset objects unloaded after import = 0
========================================================================
Received Import Request.
  Time since last request: 5.738756 seconds.
  path: Assets/Resources/Character.prefab
  artifactKey: Guid(4ae444185180024428d1bb22dfa937c8) Importer(815301076,1909f56bfc062723c751e8b465ee728b)
Start importing Assets/Resources/Character.prefab using Guid(4ae444185180024428d1bb22dfa937c8) Importer(815301076,1909f56bfc062723c751e8b465ee728b)  -> (artifact id: '787d73a2dd48dd2e2f3204ae9c9c6bb7') in 0.270528 seconds
Number of updated asset objects reloaded before import = 0
Number of asset objects unloaded after import = 36
========================================================================
Received Import Request.
  Time since last request: 43.505729 seconds.
  path: Assets/Resources/Character.prefab
  artifactKey: Guid(4ae444185180024428d1bb22dfa937c8) Importer(815301076,1909f56bfc062723c751e8b465ee728b)
Start importing Assets/Resources/Character.prefab using Guid(4ae444185180024428d1bb22dfa937c8) Importer(815301076,1909f56bfc062723c751e8b465ee728b)  -> (artifact id: 'b727389eccb58cc368f10a7e9c9ba2e8') in 0.083007 seconds
Number of updated asset objects reloaded before import = 0
Number of asset objects unloaded after import = 41
========================================================================
Received Import Request.
  Time since last request: 12.441732 seconds.
  path: Assets/Resources/Character.prefab
  artifactKey: Guid(4ae444185180024428d1bb22dfa937c8) Importer(815301076,1909f56bfc062723c751e8b465ee728b)
Start importing Assets/Resources/Character.prefab using Guid(4ae444185180024428d1bb22dfa937c8) Importer(815301076,1909f56bfc062723c751e8b465ee728b)  -> (artifact id: '6edfddb9cfd2f6a63445163bf02abcae') in 0.050148 seconds
Number of updated asset objects reloaded before import = 0
Number of asset objects unloaded after import = 41
========================================================================
Received Import Request.
  Time since last request: 6.704754 seconds.
  path: Assets/Resources/Character.prefab
  artifactKey: Guid(4ae444185180024428d1bb22dfa937c8) Importer(815301076,1909f56bfc062723c751e8b465ee728b)
Start importing Assets/Resources/Character.prefab using Guid(4ae444185180024428d1bb22dfa937c8) Importer(815301076,1909f56bfc062723c751e8b465ee728b)  -> (artifact id: 'd8897f35f3339158c7bbd0f25662e7f1') in 0.069954 seconds
Number of updated asset objects reloaded before import = 0
Number of asset objects unloaded after import = 41
========================================================================
Received Import Request.
  Time since last request: 10.737445 seconds.
  path: Assets/Resources/Character.prefab
  artifactKey: Guid(4ae444185180024428d1bb22dfa937c8) Importer(815301076,1909f56bfc062723c751e8b465ee728b)
Start importing Assets/Resources/Character.prefab using Guid(4ae444185180024428d1bb22dfa937c8) Importer(815301076,1909f56bfc062723c751e8b465ee728b)  -> (artifact id: '471fd7250d0392cab3b693e9fc350d77') in 0.072071 seconds
Number of updated asset objects reloaded before import = 0
Number of asset objects unloaded after import = 41
========================================================================
Received Import Request.
  Time since last request: 6.466948 seconds.
  path: Assets/Resources/Character.prefab
  artifactKey: Guid(4ae444185180024428d1bb22dfa937c8) Importer(815301076,1909f56bfc062723c751e8b465ee728b)
Start importing Assets/Resources/Character.prefab using Guid(4ae444185180024428d1bb22dfa937c8) Importer(815301076,1909f56bfc062723c751e8b465ee728b)  -> (artifact id: '24239b69d39b971b1b6aa14fbd32e575') in 0.053623 seconds
Number of updated asset objects reloaded before import = 0
Number of asset objects unloaded after import = 41
========================================================================
Received Import Request.
  Time since last request: 2.779742 seconds.
  path: Assets/Resources/Character.prefab
  artifactKey: Guid(4ae444185180024428d1bb22dfa937c8) Importer(815301076,1909f56bfc062723c751e8b465ee728b)
Start importing Assets/Resources/Character.prefab using Guid(4ae444185180024428d1bb22dfa937c8) Importer(815301076,1909f56bfc062723c751e8b465ee728b)  -> (artifact id: 'f903f3056eb077d58b096ed4b2b4d80a') in 0.046335 seconds
Number of updated asset objects reloaded before import = 0
Number of asset objects unloaded after import = 41
========================================================================
Received Import Request.
  Time since last request: 5.849980 seconds.
  path: Assets/Resources/Character.prefab
  artifactKey: Guid(4ae444185180024428d1bb22dfa937c8) Importer(815301076,1909f56bfc062723c751e8b465ee728b)
Start importing Assets/Resources/Character.prefab using Guid(4ae444185180024428d1bb22dfa937c8) Importer(815301076,1909f56bfc062723c751e8b465ee728b)  -> (artifact id: '8728c322ec4f455f310625e7735d354e') in 0.038695 seconds
Number of updated asset objects reloaded before import = 0
Number of asset objects unloaded after import = 41
========================================================================
Received Import Request.
  Time since last request: 22.285029 seconds.
  path: Assets/Resources/Character.prefab
  artifactKey: Guid(4ae444185180024428d1bb22dfa937c8) Importer(815301076,1909f56bfc062723c751e8b465ee728b)
Start importing Assets/Resources/Character.prefab using Guid(4ae444185180024428d1bb22dfa937c8) Importer(815301076,1909f56bfc062723c751e8b465ee728b)  -> (artifact id: 'bd5c81325414079598983d7e4d11c16c') in 0.051004 seconds
Number of updated asset objects reloaded before import = 0
Number of asset objects unloaded after import = 45
========================================================================
Received Import Request.
  Time since last request: 25.107647 seconds.
  path: Assets/Resources/Character.prefab
  artifactKey: Guid(4ae444185180024428d1bb22dfa937c8) Importer(815301076,1909f56bfc062723c751e8b465ee728b)
Start importing Assets/Resources/Character.prefab using Guid(4ae444185180024428d1bb22dfa937c8) Importer(815301076,1909f56bfc062723c751e8b465ee728b)  -> (artifact id: '22af439a92f9a99fb4ef0df6e6d779df') in 0.048562 seconds
Number of updated asset objects reloaded before import = 0
Number of asset objects unloaded after import = 45
========================================================================
Received Import Request.
  Time since last request: 12.306970 seconds.
  path: Assets/Resources/Character.prefab
  artifactKey: Guid(4ae444185180024428d1bb22dfa937c8) Importer(815301076,1909f56bfc062723c751e8b465ee728b)
Start importing Assets/Resources/Character.prefab using Guid(4ae444185180024428d1bb22dfa937c8) Importer(815301076,1909f56bfc062723c751e8b465ee728b)  -> (artifact id: '1b98f3ea941ab8aab2aef9b0401f64ee') in 0.050645 seconds
Number of updated asset objects reloaded before import = 0
Number of asset objects unloaded after import = 45
========================================================================
Received Import Request.
  Time since last request: 5.806573 seconds.
  path: Assets/Resources/Character.prefab
  artifactKey: Guid(4ae444185180024428d1bb22dfa937c8) Importer(815301076,1909f56bfc062723c751e8b465ee728b)
Start importing Assets/Resources/Character.prefab using Guid(4ae444185180024428d1bb22dfa937c8) Importer(815301076,1909f56bfc062723c751e8b465ee728b)  -> (artifact id: 'e7ad8a2715305c7a070686912ab38143') in 0.048647 seconds
Number of updated asset objects reloaded before import = 0
Number of asset objects unloaded after import = 45
========================================================================
Received Import Request.
  Time since last request: 6.418204 seconds.
  path: Assets/Resources/Character.prefab
  artifactKey: Guid(4ae444185180024428d1bb22dfa937c8) Importer(815301076,1909f56bfc062723c751e8b465ee728b)
Start importing Assets/Resources/Character.prefab using Guid(4ae444185180024428d1bb22dfa937c8) Importer(815301076,1909f56bfc062723c751e8b465ee728b)  -> (artifact id: 'c00a5424d5dc50fb3b0071c5e5c849ce') in 0.039614 seconds
Number of updated asset objects reloaded before import = 0
Number of asset objects unloaded after import = 45
========================================================================
Received Import Request.
  Time since last request: 53.655766 seconds.
  path: Assets/Render Textures
  artifactKey: Guid(9ebb8e737451cce43b65ee5770c9ec99) Importer(815301076,1909f56bfc062723c751e8b465ee728b)
Start importing Assets/Render Textures using Guid(9ebb8e737451cce43b65ee5770c9ec99) Importer(815301076,1909f56bfc062723c751e8b465ee728b)  -> (artifact id: '43f88547b99c7387e76dc64c50e4954b') in 0.000969 seconds
Number of updated asset objects reloaded before import = 0
Number of asset objects unloaded after import = 0
========================================================================
Received Import Request.
  Time since last request: 2955.082156 seconds.
  path: Assets/Images/Marks
  artifactKey: Guid(c44dfadec1762594f9faa748775fafda) Importer(815301076,1909f56bfc062723c751e8b465ee728b)
Start importing Assets/Images/Marks using Guid(c44dfadec1762594f9faa748775fafda) Importer(815301076,1909f56bfc062723c751e8b465ee728b)  -> (artifact id: 'e26f273957f02f6e075a1b77a0884407') in 0.013578 seconds
Number of updated asset objects reloaded before import = 0
Number of asset objects unloaded after import = 0
========================================================================
Received Import Request.
  Time since last request: 6.813898 seconds.
  path: Assets/Images/Marks/castle.png
  artifactKey: Guid(064936864ca89a84bad4a05aaf41203d) Importer(815301076,1909f56bfc062723c751e8b465ee728b)
Start importing Assets/Images/Marks/castle.png using Guid(064936864ca89a84bad4a05aaf41203d) Importer(815301076,1909f56bfc062723c751e8b465ee728b)  -> (artifact id: '1f7e9ebd9bf02b02284d8fa515091c53') in 0.577106 seconds
Number of updated asset objects reloaded before import = 0
Number of asset objects unloaded after import = 2
========================================================================
Received Import Request.
  Time since last request: 3.201474 seconds.
  path: Assets/Images/Marks/enemy.png
  artifactKey: Guid(dd5a6e354a0a03a4cb733b0e92f61026) Importer(815301076,1909f56bfc062723c751e8b465ee728b)
Start importing Assets/Images/Marks/enemy.png using Guid(dd5a6e354a0a03a4cb733b0e92f61026) Importer(815301076,1909f56bfc062723c751e8b465ee728b)  -> (artifact id: '3ed64039a280493ae8a484c4dcdcf28e') in 0.050562 seconds
Number of updated asset objects reloaded before import = 0
Number of asset objects unloaded after import = 2
========================================================================
Received Import Request.
  Time since last request: 5.687851 seconds.
  path: Assets/Images/Marks/군인.png
  artifactKey: Guid(a9f0e3841df10664e9cb9f97e7768509) Importer(815301076,1909f56bfc062723c751e8b465ee728b)
Start importing Assets/Images/Marks/군인.png using Guid(a9f0e3841df10664e9cb9f97e7768509) Importer(815301076,1909f56bfc062723c751e8b465ee728b)  -> (artifact id: '8a538a53e5c27e1e6475b800eaef7e78') in 0.034884 seconds
Number of updated asset objects reloaded before import = 0
Number of asset objects unloaded after import = 2
========================================================================
Received Import Request.
  Time since last request: 60.265964 seconds.
  path: Assets/Images/Marks/castle.png
  artifactKey: Guid(064936864ca89a84bad4a05aaf41203d) Importer(815301076,1909f56bfc062723c751e8b465ee728b)
Start importing Assets/Images/Marks/castle.png using Guid(064936864ca89a84bad4a05aaf41203d) Importer(815301076,1909f56bfc062723c751e8b465ee728b)  -> (artifact id: '19d53bcad7e5ad83755093c253d8cc2c') in 0.197075 seconds
Number of updated asset objects reloaded before import = 0
Number of asset objects unloaded after import = 3
========================================================================
Received Import Request.
  Time since last request: 0.000026 seconds.
  path: Assets/Images/Marks/군인.png
  artifactKey: Guid(a9f0e3841df10664e9cb9f97e7768509) Importer(815301076,1909f56bfc062723c751e8b465ee728b)
Start importing Assets/Images/Marks/군인.png using Guid(a9f0e3841df10664e9cb9f97e7768509) Importer(815301076,1909f56bfc062723c751e8b465ee728b)  -> (artifact id: '86cca92e979277c1d523fb78fc419197') in 0.072245 seconds
Number of updated asset objects reloaded before import = 0
Number of asset objects unloaded after import = 3
========================================================================
Received Import Request.
  Time since last request: 12.560474 seconds.
  path: Assets/Images/Marks/Tower.png
  artifactKey: Guid(064936864ca89a84bad4a05aaf41203d) Importer(815301076,1909f56bfc062723c751e8b465ee728b)
Start importing Assets/Images/Marks/Tower.png using Guid(064936864ca89a84bad4a05aaf41203d) Importer(815301076,1909f56bfc062723c751e8b465ee728b)  -> (artifact id: '54365f29c15bf9cc5614f8ebe3e7938a') in 0.044337 seconds
Number of updated asset objects reloaded before import = 0
Number of asset objects unloaded after import = 3
========================================================================
Received Import Request.
  Time since last request: 6.420021 seconds.
  path: Assets/Images/Marks/Enemy.png
  artifactKey: Guid(dd5a6e354a0a03a4cb733b0e92f61026) Importer(815301076,1909f56bfc062723c751e8b465ee728b)
Start importing Assets/Images/Marks/Enemy.png using Guid(dd5a6e354a0a03a4cb733b0e92f61026) Importer(815301076,1909f56bfc062723c751e8b465ee728b)  -> (artifact id: '4c2f8b409e501bd1d316079381b5d227') in 0.105196 seconds
Number of updated asset objects reloaded before import = 0
Number of asset objects unloaded after import = 3
========================================================================
Received Import Request.
  Time since last request: 5.116877 seconds.
  path: Assets/Images/Marks/Character.png
  artifactKey: Guid(a9f0e3841df10664e9cb9f97e7768509) Importer(815301076,1909f56bfc062723c751e8b465ee728b)
Start importing Assets/Images/Marks/Character.png using Guid(a9f0e3841df10664e9cb9f97e7768509) Importer(815301076,1909f56bfc062723c751e8b465ee728b)  -> (artifact id: 'c401a6469afd043e6f5b87587eca49f6') in 0.040402 seconds
Number of updated asset objects reloaded before import = 0
Number of asset objects unloaded after import = 3
========================================================================
Received Import Request.
  Time since last request: 106.807903 seconds.
  path: Assets/Resources/Character.prefab
  artifactKey: Guid(4ae444185180024428d1bb22dfa937c8) Importer(815301076,1909f56bfc062723c751e8b465ee728b)
Start importing Assets/Resources/Character.prefab using Guid(4ae444185180024428d1bb22dfa937c8) Importer(815301076,1909f56bfc062723c751e8b465ee728b)  -> (artifact id: '548c34b58a33bc63aaf6c6fc8c00a7c5') in 0.121104 seconds
Number of updated asset objects reloaded before import = 0
Number of asset objects unloaded after import = 50
========================================================================
Received Import Request.
  Time since last request: 16.181517 seconds.
  path: Assets/Resources/Character.prefab
  artifactKey: Guid(4ae444185180024428d1bb22dfa937c8) Importer(815301076,1909f56bfc062723c751e8b465ee728b)
Start importing Assets/Resources/Character.prefab using Guid(4ae444185180024428d1bb22dfa937c8) Importer(815301076,1909f56bfc062723c751e8b465ee728b)  -> (artifact id: '70bbdb01a5a6165e7308e67482db7c9a') in 0.073533 seconds
Number of updated asset objects reloaded before import = 0
Number of asset objects unloaded after import = 49
========================================================================
Received Import Request.
  Time since last request: 189.318011 seconds.
  path: ProjectSettings/TagManager.asset
  artifactKey: Guid(00000000000000003000000000000000) Importer(815301076,1909f56bfc062723c751e8b465ee728b)
Start importing ProjectSettings/TagManager.asset using Guid(00000000000000003000000000000000) Importer(815301076,1909f56bfc062723c751e8b465ee728b)  -> (artifact id: '6b9326e97e2461385864aa44f9e28ada') in 0.005557 seconds
Number of updated asset objects reloaded before import = 0
Number of asset objects unloaded after import = 0
========================================================================
Received Import Request.
  Time since last request: 611.518679 seconds.
  path: Assets/PlayFabEditorExtensions
  artifactKey: Guid(e6b6b62449f1f4ed1bdf033d7f2d2ccf) Importer(815301076,1909f56bfc062723c751e8b465ee728b)
Start importing Assets/PlayFabEditorExtensions using Guid(e6b6b62449f1f4ed1bdf033d7f2d2ccf) Importer(815301076,1909f56bfc062723c751e8b465ee728b)  -> (artifact id: '8e6428279252293d6b335f0f4b9a42be') in 0.007356 seconds
Number of updated asset objects reloaded before import = 0
Number of asset objects unloaded after import = 0
========================================================================
Received Import Request.
  Time since last request: 10.151087 seconds.
  path: Assets/External Assets/Terrain/FlatPoly Color Palettes
  artifactKey: Guid(b9316060bf893354abf8371a1927485c) Importer(815301076,1909f56bfc062723c751e8b465ee728b)
Start importing Assets/External Assets/Terrain/FlatPoly Color Palettes using Guid(b9316060bf893354abf8371a1927485c) Importer(815301076,1909f56bfc062723c751e8b465ee728b)  -> (artifact id: '92a71c2b50dceda00a110b6e91f6d0df') in 0.001703 seconds
Number of updated asset objects reloaded before import = 0
Number of asset objects unloaded after import = 0
========================================================================
Received Import Request.
  Time since last request: 1.037468 seconds.
  path: Assets/External Assets/Terrain/FlatPoly Color Palettes/Textures
  artifactKey: Guid(19b2d86ed56738e49ad4d84994b0098c) Importer(815301076,1909f56bfc062723c751e8b465ee728b)
Start importing Assets/External Assets/Terrain/FlatPoly Color Palettes/Textures using Guid(19b2d86ed56738e49ad4d84994b0098c) Importer(815301076,1909f56bfc062723c751e8b465ee728b)  -> (artifact id: 'ed91c5678f6fc5582b3ed032cdabbc21') in 0.001185 seconds
Number of updated asset objects reloaded before import = 0
Number of asset objects unloaded after import = 0
========================================================================
Received Import Request.
  Time since last request: 0.075512 seconds.
  path: Assets/External Assets/Terrain/FlatPoly Color Palettes/Textures/FlatPoly Color Palette A.png
  artifactKey: Guid(a2aeba915367ab54899bdc3263518ad5) Importer(815301076,1909f56bfc062723c751e8b465ee728b)
Start importing Assets/External Assets/Terrain/FlatPoly Color Palettes/Textures/FlatPoly Color Palette A.png using Guid(a2aeba915367ab54899bdc3263518ad5) Importer(815301076,1909f56bfc062723c751e8b465ee728b)  -> (artifact id: '0d36c02bb256d972c582ddc00fc45f06') in 0.078035 seconds
Number of updated asset objects reloaded before import = 0
Number of asset objects unloaded after import = 2
========================================================================
Received Import Request.
  Time since last request: 7.304439 seconds.
  path: Assets/External Assets/Terrain/FlatPoly Floating Islands/Prefabs/Foliage/acacia_A.prefab
  artifactKey: Guid(0e5b94df29f597247a3ebfcd4c1ba82c) Importer(815301076,1909f56bfc062723c751e8b465ee728b)
Start importing Assets/External Assets/Terrain/FlatPoly Floating Islands/Prefabs/Foliage/acacia_A.prefab using Guid(0e5b94df29f597247a3ebfcd4c1ba82c) Importer(815301076,1909f56bfc062723c751e8b465ee728b)  -> (artifact id: '0a342207f4511d8f998b4a8bc29baa91') in 0.135365 seconds
Number of updated asset objects reloaded before import = 0
Number of asset objects unloaded after import = 9
========================================================================
Received Import Request.
  Time since last request: 0.000023 seconds.
  path: Assets/External Assets/Terrain/FlatPoly Floating Islands/Prefabs/Foliage/pine_B_03.prefab
  artifactKey: Guid(6cb1774a845d6d946a1b1c76ff79990e) Importer(815301076,1909f56bfc062723c751e8b465ee728b)
Start importing Assets/External Assets/Terrain/FlatPoly Floating Islands/Prefabs/Foliage/pine_B_03.prefab using Guid(6cb1774a845d6d946a1b1c76ff79990e) Importer(815301076,1909f56bfc062723c751e8b465ee728b)  -> (artifact id: 'cc94a6bb6d732be7312d3875f4fef117') in 0.034291 seconds
Number of updated asset objects reloaded before import = 0
Number of asset objects unloaded after import = 9
========================================================================
Received Import Request.
  Time since last request: 0.000043 seconds.
  path: Assets/External Assets/Terrain/FlatPoly Floating Islands/Prefabs/Foliage/pine_D_03.prefab
  artifactKey: Guid(42f1d9a93c09eca4a8cf5e877ea7896c) Importer(815301076,1909f56bfc062723c751e8b465ee728b)
Start importing Assets/External Assets/Terrain/FlatPoly Floating Islands/Prefabs/Foliage/pine_D_03.prefab using Guid(42f1d9a93c09eca4a8cf5e877ea7896c) Importer(815301076,1909f56bfc062723c751e8b465ee728b)  -> (artifact id: 'ce35dddb7eae3bb7cf244543d8daf94d') in 0.049215 seconds
Number of updated asset objects reloaded before import = 0
Number of asset objects unloaded after import = 9
========================================================================
Received Import Request.
  Time since last request: 0.000023 seconds.
  path: Assets/External Assets/Terrain/FlatPoly Floating Islands/Prefabs/Foliage/pine_B_01.prefab
  artifactKey: Guid(b3d826b50991cc3499d92a449707cd8c) Importer(815301076,1909f56bfc062723c751e8b465ee728b)
Start importing Assets/External Assets/Terrain/FlatPoly Floating Islands/Prefabs/Foliage/pine_B_01.prefab using Guid(b3d826b50991cc3499d92a449707cd8c) Importer(815301076,1909f56bfc062723c751e8b465ee728b)  -> (artifact id: 'c876f381b89eeae427289d73184c443c') in 0.041131 seconds
Number of updated asset objects reloaded before import = 0
Number of asset objects unloaded after import = 9
========================================================================
Received Import Request.
  Time since last request: 0.000024 seconds.
  path: Assets/External Assets/Terrain/FlatPoly Floating Islands/Prefabs/Foliage/pine_D_02.prefab
  artifactKey: Guid(8310adf3a55a10647b1ed421022fa4db) Importer(815301076,1909f56bfc062723c751e8b465ee728b)
Start importing Assets/External Assets/Terrain/FlatPoly Floating Islands/Prefabs/Foliage/pine_D_02.prefab using Guid(8310adf3a55a10647b1ed421022fa4db) Importer(815301076,1909f56bfc062723c751e8b465ee728b)  -> (artifact id: '4e087ca6c475fbdb8c906dd31e718820') in 0.039114 seconds
Number of updated asset objects reloaded before import = 0
Number of asset objects unloaded after import = 9
========================================================================
Received Import Request.
  Time since last request: 0.000019 seconds.
  path: Assets/External Assets/Terrain/FlatPoly Floating Islands/Prefabs/Foliage/pine_A_02.prefab
  artifactKey: Guid(56068eb8623a14c44a413a042d072c96) Importer(815301076,1909f56bfc062723c751e8b465ee728b)
Start importing Assets/External Assets/Terrain/FlatPoly Floating Islands/Prefabs/Foliage/pine_A_02.prefab using Guid(56068eb8623a14c44a413a042d072c96) Importer(815301076,1909f56bfc062723c751e8b465ee728b)  -> (artifact id: '7e4204f86e3d502b62cabf167a55e02c') in 0.043365 seconds
Number of updated asset objects reloaded before import = 0
Number of asset objects unloaded after import = 9
========================================================================
Received Import Request.
  Time since last request: 0.000019 seconds.
  path: Assets/External Assets/Terrain/FlatPoly Floating Islands/Prefabs/Foliage/acacia_D.prefab
  artifactKey: Guid(e6d211ec530ecab468a403826c48f32b) Importer(815301076,1909f56bfc062723c751e8b465ee728b)
Start importing Assets/External Assets/Terrain/FlatPoly Floating Islands/Prefabs/Foliage/acacia_D.prefab using Guid(e6d211ec530ecab468a403826c48f32b) Importer(815301076,1909f56bfc062723c751e8b465ee728b)  -> (artifact id: '2eea7320a97dbccb4f5c57b2c9cce784') in 0.043665 seconds
Number of updated asset objects reloaded before import = 0
Number of asset objects unloaded after import = 9
========================================================================
Received Import Request.
  Time since last request: 0.000033 seconds.
  path: Assets/External Assets/Terrain/FlatPoly Floating Islands/Prefabs/Foliage/pine_A_03.prefab
  artifactKey: Guid(23d0aeb6c1cea924cabaca13fea73d1c) Importer(815301076,1909f56bfc062723c751e8b465ee728b)
Start importing Assets/External Assets/Terrain/FlatPoly Floating Islands/Prefabs/Foliage/pine_A_03.prefab using Guid(23d0aeb6c1cea924cabaca13fea73d1c) Importer(815301076,1909f56bfc062723c751e8b465ee728b)  -> (artifact id: 'c744fefe0890306cd7e5e9c279f04ba4') in 0.028284 seconds
Number of updated asset objects reloaded before import = 0
Number of asset objects unloaded after import = 9
========================================================================
Received Import Request.
  Time since last request: 0.000037 seconds.
  path: Assets/External Assets/Terrain/FlatPoly Floating Islands/Prefabs/Foliage/pine_D_04.prefab
  artifactKey: Guid(102dcc1eaa01cb44fbd5600815e16b28) Importer(815301076,1909f56bfc062723c751e8b465ee728b)
Start importing Assets/External Assets/Terrain/FlatPoly Floating Islands/Prefabs/Foliage/pine_D_04.prefab using Guid(102dcc1eaa01cb44fbd5600815e16b28) Importer(815301076,1909f56bfc062723c751e8b465ee728b)  -> (artifact id: '5ae39d06ea8d6c44876a704c4039958d') in 0.030598 seconds
Number of updated asset objects reloaded before import = 0
Number of asset objects unloaded after import = 9
========================================================================
Received Import Request.
  Time since last request: 0.000072 seconds.
  path: Assets/External Assets/Terrain/FlatPoly Floating Islands/Prefabs/Foliage/pine_A_04.prefab
  artifactKey: Guid(358c8f81eea3b2845b7de523a36e87b5) Importer(815301076,1909f56bfc062723c751e8b465ee728b)
Start importing Assets/External Assets/Terrain/FlatPoly Floating Islands/Prefabs/Foliage/pine_A_04.prefab using Guid(358c8f81eea3b2845b7de523a36e87b5) Importer(815301076,1909f56bfc062723c751e8b465ee728b)  -> (artifact id: '1a19ab4042e9b4f682bada58ccd77ed4') in 0.029029 seconds
Number of updated asset objects reloaded before import = 0
Number of asset objects unloaded after import = 9
========================================================================
Received Import Request.
  Time since last request: 0.000029 seconds.
  path: Assets/External Assets/Terrain/FlatPoly Floating Islands/Prefabs/Foliage/pine_A_01.prefab
  artifactKey: Guid(6735ecb9a1aac244281c4906409c6d6c) Importer(815301076,1909f56bfc062723c751e8b465ee728b)
Start importing Assets/External Assets/Terrain/FlatPoly Floating Islands/Prefabs/Foliage/pine_A_01.prefab using Guid(6735ecb9a1aac244281c4906409c6d6c) Importer(815301076,1909f56bfc062723c751e8b465ee728b)  -> (artifact id: '2821191b68775c10cf8b655ca50ebb32') in 0.033759 seconds
Number of updated asset objects reloaded before import = 0
Number of asset objects unloaded after import = 9
========================================================================
Received Import Request.
  Time since last request: 0.000031 seconds.
  path: Assets/External Assets/Terrain/FlatPoly Floating Islands/Prefabs/Foliage/acacia_C.prefab
  artifactKey: Guid(8ed094e18b702264aa6484d8a09f1630) Importer(815301076,1909f56bfc062723c751e8b465ee728b)
Start importing Assets/External Assets/Terrain/FlatPoly Floating Islands/Prefabs/Foliage/acacia_C.prefab using Guid(8ed094e18b702264aa6484d8a09f1630) Importer(815301076,1909f56bfc062723c751e8b465ee728b)  -> (artifact id: 'a6687270a975470e8cb7c1ae13b32b01') in 0.025108 seconds
Number of updated asset objects reloaded before import = 0
Number of asset objects unloaded after import = 9
========================================================================
Received Import Request.
  Time since last request: 0.000028 seconds.
  path: Assets/External Assets/Terrain/FlatPoly Floating Islands/Prefabs/Foliage/pine_C_02.prefab
  artifactKey: Guid(a6e6ffbfcc2744043a8f131013344a92) Importer(815301076,1909f56bfc062723c751e8b465ee728b)
Start importing Assets/External Assets/Terrain/FlatPoly Floating Islands/Prefabs/Foliage/pine_C_02.prefab using Guid(a6e6ffbfcc2744043a8f131013344a92) Importer(815301076,1909f56bfc062723c751e8b465ee728b)  -> (artifact id: '605138f6592d0fba1bf7e9b0df868688') in 0.032506 seconds
Number of updated asset objects reloaded before import = 0
Number of asset objects unloaded after import = 9
========================================================================
Received Import Request.
  Time since last request: 0.000023 seconds.
  path: Assets/External Assets/Terrain/FlatPoly Floating Islands/Prefabs/Foliage/pine_D_01.prefab
  artifactKey: Guid(57e0a2372da2e054bad78bdfd7cea204) Importer(815301076,1909f56bfc062723c751e8b465ee728b)
Start importing Assets/External Assets/Terrain/FlatPoly Floating Islands/Prefabs/Foliage/pine_D_01.prefab using Guid(57e0a2372da2e054bad78bdfd7cea204) Importer(815301076,1909f56bfc062723c751e8b465ee728b)  -> (artifact id: '6aa608263496a0bcd4fe86fe369134b2') in 0.028189 seconds
Number of updated asset objects reloaded before import = 0
Number of asset objects unloaded after import = 9
========================================================================
Received Import Request.
  Time since last request: 0.000025 seconds.
  path: Assets/External Assets/Terrain/FlatPoly Floating Islands/Prefabs/Foliage/pine_C_04.prefab
  artifactKey: Guid(b1baff84876b4e0428d12bcd59a568d6) Importer(815301076,1909f56bfc062723c751e8b465ee728b)
Start importing Assets/External Assets/Terrain/FlatPoly Floating Islands/Prefabs/Foliage/pine_C_04.prefab using Guid(b1baff84876b4e0428d12bcd59a568d6) Importer(815301076,1909f56bfc062723c751e8b465ee728b)  -> (artifact id: '86ade6cfbe7ecd3fcbb80088490e8d0d') in 0.027600 seconds
Number of updated asset objects reloaded before import = 0
Number of asset objects unloaded after import = 9
